<?xml version="1.0" encoding="UTF-8"?>
<!-- Generated by org.testng.reporters.JUnitXMLReporter -->
<testsuite hostname="Dollys-MacBook-Pro.local" ignored="1" name="Test" tests="2" failures="0" timestamp="2022-10-09T10:11:08 EDT" time="43.107" errors="0">
  <testcase name="VerifyQuickLaunchItemsCount_002" time="0.427" classname="testcases.QuickLaunchTest"/>
  <testcase name="VerifyQuickLaunchItems" time="1.26" classname="testcases.QuickLaunchTest"/>
  <testcase name="LoginSuccess_001" time="0.0" classname="testcases.LoginTest">
    <ignored/>
  </testcase> <!-- LoginSuccess_001 -->
</testsuite> <!-- Test -->
